"../../../Engine/Plugins/2D/Paper2D/Content/DefaultSpriteMaterial.uasset" 0
"../../../Engine/Plugins/2D/Paper2D/Content/TranslucentUnlitSpriteMaterial.uasset" 1
"../../../GameJam/Content/Characters/Spritesheet/BettysTittysDizzy.uasset" 2
"../../../GameJam/Content/Characters/Spritesheet/ExtractedSprites/BettysTittysDizzy_Sprite_0.uasset" 3
"../../../GameJam/Content/Characters/Spritesheet/Turtle_Dizzy_PauseSpritesheet.uasset" 4
"../../../GameJam/Content/Characters/Spritesheet/ExtractedSprites/Dizzy.uasset" 5
"../../../GameJam/Content/Characters/Spritesheet/Animations/DizzyStars.uasset" 6
"../../../GameJam/Content/Characters/Spritesheet/Character_Sprite_Sheet.uasset" 7
"../../../GameJam/Content/Characters/Spritesheet/ExtractedSprites/TurtleWalk1.uasset" 8
"../../../GameJam/Content/Characters/Spritesheet/ExtractedSprites/TurtleWalk2.uasset" 9
"../../../GameJam/Content/Characters/Spritesheet/Animations/Turtle_Walk.uasset" 10
"../../../GameJam/Content/Characters/Spritesheet/EnemyEyes_Cloud_Sign.uasset" 11
"../../../GameJam/Content/Characters/Spritesheet/ExtractedSprites/Cloud_Sprite.uasset" 12
"../../../GameJam/Content/Geometry/Meshes/CubeMaterial.uasset" 13
"../../../GameJam/Content/Geometry/Meshes/1M_Cube_Chamfer.uasset" 14
"../../../GameJam/Content/Geometry/Meshes/Stone.uasset" 15
"../../../GameJam/Content/Geometry/Meshes/TemplateFloor.uasset" 16
"../../../GameJam/Content/Levels/Main_BuiltData.uasset" 17
"../../../GameJam/Content/Materials/Terrain/Floor_Mat.uasset" 18
"../../../GameJam/Content/Textures/Ground_RockyDirtPacked_Ambient_Occlusion.uasset" 19
"../../../GameJam/Content/Textures/Ground_RockyDirtPacked_Base_Color.uasset" 20
"../../../GameJam/Content/Textures/Ground_RockyDirtPacked_Metallic.uasset" 21
"../../../GameJam/Content/Textures/Ground_RockyDirtPacked_Normal.uasset" 22
"../../../GameJam/Content/Textures/Ground_RockyDirtPacked_Roughness.uasset" 23
"../../../GameJam/Content/Materials/Terrain/Path_Mat.uasset" 24
"../../../GameJam/Content/Textures/Ground_RockyDirtPacked_Albedo.uasset" 25
"../../../GameJam/Content/Textures/Ground_RockyDirtPacked_Emissive.uasset" 26
"../../../GameJam/Content/Textures/Ground_RockyDirtPacked_Glossiness.uasset" 27
"../../../GameJam/Content/Textures/Ground_RockyDirtPacked_Height.uasset" 28
"../../../GameJam/Content/Textures/Ground_RockyDirtPacked_Mask.uasset" 29
"../../../GameJam/Content/Textures/Ground_RockyDirtPacked_Specular.uasset" 30
"../../../GameJam/Content/Textures/Ground_RockyDirtPacked_Transparency.uasset" 31
"../../../Engine/Content/Functions/Engine_MaterialFunctions01/Opacity/CameraDepthFade.uasset" 32
"../../../Engine/Content/EngineMaterials/T_Default_Material_Grid_M.uasset" 33
"../../../Engine/Content/EngineMaterials/T_Default_Material_Grid_N.uasset" 34
"../../../Engine/Content/EngineMaterials/DefaultMaterial.uasset" 35
"../../../Engine/Content/BasicShapes/Cone.uasset" 36
"../../../Engine/Content/EngineMaterials/WorldGridMaterial.uasset" 37
"../../../Engine/Content/BasicShapes/Cube.uasset" 38
"../../../Engine/Content/BasicShapes/Cylinder.uasset" 39
"../../../Engine/Content/BasicShapes/Plane.uasset" 40
"../../../Engine/Content/EditorLandscapeResources/DataLayer.uasset" 41
"../../../Engine/Content/EditorMaterials/GizmoMaterial.uasset" 42
"../../../Engine/Content/EditorMaterials/MAT_Groups_Toggle.uasset" 43
"../../../Engine/Content/EditorMaterials/MAT_Groups_Visibility.uasset" 44
"../../../Engine/Content/EditorMaterials/PreviewShadowIndicator.uasset" 45
"../../../Engine/Content/EditorMaterials/PreviewShadowIndicatorMaterial.uasset" 46
"../../../Engine/Content/EditorMaterials/MatineeGroups/MAT_ColorTrack.uasset" 47
"../../../Engine/Content/EditorMaterials/MatineeGroups/MAT_Groups_Anim.uasset" 48
"../../../Engine/Content/EditorMaterials/MatineeGroups/MAT_Groups_AudioMaster.uasset" 49
"../../../Engine/Content/EditorMaterials/MatineeGroups/MAT_Groups_Director.uasset" 50
"../../../Engine/Content/EditorMaterials/MatineeGroups/MAT_Groups_Event.uasset" 51
"../../../Engine/Content/EditorMaterials/MatineeGroups/MAT_Groups_Fade.uasset" 52
"../../../Engine/Content/EditorMaterials/MatineeGroups/MAT_Groups_Float.uasset" 53
"../../../Engine/Content/EditorMaterials/MatineeGroups/MAT_Groups_Move.uasset" 54
"../../../Engine/Content/EditorMaterials/MatineeGroups/MAT_Groups_Slomo.uasset" 55
"../../../Engine/Content/EditorMaterials/MatineeGroups/MAT_Groups_Sound.uasset" 56
"../../../Engine/Content/EditorMaterials/MatineeGroups/MAT_Groups_Vector.uasset" 57
"../../../Engine/Content/EditorMaterials/ParticleSystems/PSysThumbnail_NoImage.uasset" 58
"../../../Engine/Content/EditorMaterials/ParticleSystems/PSysThumbnail_OOD.uasset" 59
"../../../Engine/Content/EditorMaterials/Camera/CineMat.uasset" 60
"../../../Engine/Content/EditorMaterials/Camera/MI_CineMat_Rig.uasset" 61
"../../../Engine/Content/EditorMeshes/Camera/SM_CraneRig_Arm.uasset" 62
"../../../Engine/Content/EditorMeshes/Camera/SM_CraneRig_Base.uasset" 63
"../../../Engine/Content/EditorMeshes/Camera/SM_CraneRig_Body.uasset" 64
"../../../Engine/Content/EditorMeshes/Camera/SM_CraneRig_Mount.uasset" 65
"../../../Engine/Content/EditorMeshes/Camera/SM_RailRig_Mount.uasset" 66
"../../../Engine/Content/EditorMeshes/Camera/SM_RailRig_Track.uasset" 67
"../../../Engine/Content/EditorMeshes/ColorCalibrator/M_ChromeBall.uasset" 68
"../../../Engine/Content/EditorMeshes/ColorCalibrator/M_ClearCoat.uasset" 69
"../../../Engine/Content/EditorMeshes/ColorCalibrator/M_ClearCoatBlack.uasset" 70
"../../../Engine/Content/EditorMeshes/ColorCalibrator/Color_checker.uasset" 71
"../../../Engine/Content/EditorMeshes/ColorCalibrator/M_ColorGrid.uasset" 72
"../../../Engine/Content/EditorMeshes/ColorCalibrator/M_GreyBall.uasset" 73
"../../../Engine/Content/EditorMeshes/ColorCalibrator/SM_ColorCalibrator.uasset" 74
"../../../Engine/Content/EditorResources/BSPVertex.uasset" 75
"../../../Engine/Content/EditorResources/EmptyActor.uasset" 76
"../../../Engine/Content/EditorResources/S_Actor.uasset" 77
"../../../Engine/Content/EditorResources/S_Trigger.uasset" 78
"../../../Engine/Content/EditorResources/AudioIcons/S_AudioComponent.uasset" 79
"../../../Engine/Content/EditorResources/AudioIcons/S_AudioComponent_AutoActivate.uasset" 80
"../../../Engine/Content/EditorResources/LightIcons/S_LightError.uasset" 81
"../../../Engine/Content/EditorResources/SequenceRecorder/Countdown.uasset" 82
"../../../Engine/Content/EditorResources/SequenceRecorder/RecordingIndicator.uasset" 83
"../../../Engine/Content/EditorSounds/Notifications/CompileFailed.uasset" 84
"../../../Engine/Content/EditorSounds/Notifications/CompileFailed_Cue.uasset" 85
"../../../Engine/Content/EditorSounds/Notifications/CompileSuccess.uasset" 86
"../../../Engine/Content/EditorSounds/Notifications/CompileStart_Cue.uasset" 87
"../../../Engine/Content/EditorSounds/Notifications/CompileSuccess_Cue.uasset" 88
"../../../Engine/Content/EngineDamageTypes/DmgTypeBP_Environmental.uasset" 89
"../../../Engine/Content/EngineDebugMaterials/HeatmapGradient.uasset" 90
"../../../Engine/Content/EngineDebugMaterials/BoneWeightMaterial.uasset" 91
"../../../Engine/Content/EngineDebugMaterials/ClothMaterial.uasset" 92
"../../../Engine/Content/EngineDebugMaterials/ClothMaterial_WF.uasset" 93
"../../../Engine/Content/EngineDebugMaterials/DebugEditorMaterial.uasset" 94
"../../../Engine/Content/EngineDebugMaterials/DebugMeshMaterial.uasset" 95
"../../../Engine/Content/EngineDebugMaterials/GeomMaterial.uasset" 96
"../../../Engine/Content/EngineFonts/Faces/RobotoBold.uasset" 97
"../../../Engine/Content/EngineFonts/Faces/RobotoBoldItalic.uasset" 98
"../../../Engine/Content/EngineFonts/Faces/RobotoItalic.uasset" 99
"../../../Engine/Content/EngineFonts/Faces/RobotoLight.uasset" 100
"../../../Engine/Content/EngineFonts/Faces/RobotoRegular.uasset" 101
"../../../Engine/Content/EngineFonts/Roboto.uasset" 102
"../../../Engine/Content/EngineFonts/Faces/RobotoTiny.uasset" 103
"../../../Engine/Content/EngineFonts/RobotoTiny.uasset" 104
"../../../Engine/Content/EngineMaterials/DefaultBloomKernel.uasset" 105
"../../../Engine/Content/EngineMaterials/DefaultBokeh.uasset" 106
"../../../Engine/Content/EngineMaterials/DefaultDiffuse.uasset" 107
"../../../Engine/Content/EngineMaterials/DefaultDeferredDecalMaterial.uasset" 108
"../../../Engine/Content/EngineMaterials/DefaultLightFunctionMaterial.uasset" 109
"../../../Engine/Content/Functions/Engine_MaterialFunctions02/Utility/BreakOutFloat2Components.uasset" 110
"../../../Engine/Content/EngineMaterials/DefaultPostProcessMaterial.uasset" 111
"../../../Engine/Content/EngineFonts/RobotoDistanceField.uasset" 112
"../../../Engine/Content/EngineMaterials/DefaultTextMaterialOpaque.uasset" 113
"../../../Engine/Content/EngineMaterials/DefaultWhiteGrid.uasset" 114
"../../../Engine/Content/EngineMaterials/EditorBrushMaterial.uasset" 115
"../../../Engine/Content/EngineMaterials/Good64x64TilingNoiseHighFreq.uasset" 116
"../../../Engine/Content/EngineMaterials/MiniFont.uasset" 117
"../../../Engine/Content/EngineMaterials/InvalidLightmapSettings.uasset" 118
"../../../Engine/Content/EngineMaterials/M_InvalidLightmapSettings.uasset" 119
"../../../Engine/Content/Functions/Engine_MaterialFunctions02/WorldPositionOffset/CameraOffset.uasset" 120
"../../../Engine/Content/EngineMaterials/PhAT_JointLimitMaterial.uasset" 121
"../../../Engine/Content/EngineMaterials/PreintegratedSkinBRDF.uasset" 122
"../../../Engine/Content/EngineMaterials/RemoveSurfaceMaterial.uasset" 123
"../../../Engine/Content/EngineMaterials/WeightMapPlaceholderTexture.uasset" 124
"../../../Engine/Content/EngineResources/WhiteSquareTexture.uasset" 125
"../../../Engine/Content/EngineMaterials/Widget3DPassThrough.uasset" 126
"../../../Engine/Content/EngineMaterials/Widget3DPassThrough_Masked.uasset" 127
"../../../Engine/Content/EngineMaterials/Widget3DPassThrough_Opaque.uasset" 128
"../../../Engine/Content/EngineMaterials/Widget3DPassThrough_Masked_OneSided.uasset" 129
"../../../Engine/Content/EngineMaterials/Widget3DPassThrough_Opaque_OneSided.uasset" 130
"../../../Engine/Content/EngineMaterials/Widget3DPassThrough_Translucent.uasset" 131
"../../../Engine/Content/EngineMaterials/Widget3DPassThrough_Translucent_OneSided.uasset" 132
"../../../Engine/Content/EngineMeshes/Cube.uasset" 133
"../../../Engine/Content/EngineMeshes/Cylinder.uasset" 134
"../../../Engine/Content/EngineMeshes/Sphere.uasset" 135
"../../../Engine/Content/EngineResources/Black.uasset" 136
"../../../Engine/Content/EngineResources/DefaultTexture.uasset" 137
"../../../Engine/Content/EngineResources/DefaultTextureCube.uasset" 138
"../../../Engine/Content/EngineResources/GradientTexture0.uasset" 139
"../../../Engine/Content/EngineSounds/Master.uasset" 140
"../../../Engine/Content/Functions/Engine_MaterialFunctions01/Shading/ConvertFromDiffSpec.uasset" 141
"../../../Engine/Content/Functions/Engine_MaterialFunctions01/Shading/PowerToRoughness.uasset" 142
"../../../Engine/Content/Maps/Templates/Thumbnails/Default.uasset" 143
"../../../Engine/Content/Maps/Templates/Thumbnails/VR-Basic.uasset" 144
"../../../Engine/Content/MobileResources/T_MobileControls_texture.uasset" 145
"../../../Engine/Content/MobileResources/T_MobileMenu2.uasset" 146
"../../../Engine/Content/MobileResources/HUD/AnalogHat.uasset" 147
"../../../Engine/Content/MobileResources/HUD/VirtualJoystick_Background.uasset" 148
"../../../Engine/Content/MobileResources/HUD/VirtualJoystick_Thumb.uasset" 149
"../../../Engine/Content/MobileResources/HUD/DefaultVirtualJoysticks.uasset" 150
"../../../Engine/Content/MobileResources/HUD/LeftVirtualJoystickOnly.uasset" 151
"../../../Engine/Content/MobileResources/HUD/MobileHUDButton1_off.uasset" 152
"../../../Engine/Content/MobileResources/HUD/MobileHUDButton1_on.uasset" 153
"../../../Engine/Content/MobileResources/HUD/MobileHUDButton2_off.uasset" 154
"../../../Engine/Content/MobileResources/HUD/MobileHUDButton2_on.uasset" 155
"../../../Engine/Content/MobileResources/HUD/MobileHUDButton3.uasset" 156
"../../../Engine/Content/MobileResources/HUD/MobileHUDButtonFire.uasset" 157
"../../../Engine/Content/MobileResources/HUD/MobileHUDDirectionPad.uasset" 158
"../../../Engine/Content/MobileResources/HUD/MobileHUDDirectionPad2.uasset" 159
"../../../Engine/Content/MobileResources/HUD/MobileHUDDirectionPad3.uasset" 160
"../../../Engine/Content/MobileResources/HUD/MobileHUDDirectionStick.uasset" 161
"../../../Engine/Content/MobileResources/HUD/T_Castle_ThumbstickInner.uasset" 162
"../../../Engine/Content/MobileResources/HUD/T_Castle_ThumbstickOutter.uasset" 163
"../../../Engine/Content/Tutorial/ContentIntroCurve.uasset" 164
"../../../Engine/Content/Tutorial/Basics/TutorialAssets/icon_tab_Levels_40x.uasset" 165
"../../../Engine/Content/Tutorial/BlueprintTutorials/TutorialAssets/BlueprintInterface_64x.uasset" 166
"../../../Engine/Content/Tutorial/BlueprintTutorials/TutorialAssets/BlueprintMacroLibrary_64x.uasset" 167
"../../../Engine/Content/Tutorial/BlueprintTutorials/TutorialAssets/Blueprint_64x.uasset" 168
"../../../Engine/Content/Tutorial/BlueprintTutorials/TutorialAssets/Tutorial_BP_Interface.uasset" 169
"../../../Engine/Content/Tutorial/Foliage/TutorialAssets/Foliage.uasset" 170
"../../../Engine/Content/Tutorial/Landscape/TutorialAssets/Landscape.uasset" 171
"../../../Engine/Content/Tutorial/Paper2D/TutorialAssets/Paper2DFlipbook_TutorialIcon.uasset" 172
"../../../Engine/Content/Tutorial/Paper2D/TutorialAssets/Paper2DSprite_TutorialIcon.uasset" 173
"../../../Engine/Content/Tutorial/SubEditors/TutorialAssets/icon_Editor_Preferences_General_40x.uasset" 174
"../../../Engine/Content/Tutorial/SubEditors/TutorialAssets/icon_ShowSkeletalMeshes_40x.uasset" 175
"../../../Engine/Content/Tutorial/SubEditors/TutorialAssets/TutorialMaterial.uasset" 176
"../../../Engine/Content/Tutorial/SubEditors/TutorialAssets/T_SmokeSubUV_8X8.uasset" 177
"../../../Engine/Content/Tutorial/SubEditors/TutorialAssets/T_soft_smoke.uasset" 178
"../../../Engine/Content/Tutorial/SubEditors/TutorialAssets/M_smoke_subUV_blackbody.uasset" 179
"../../../Engine/Content/Tutorial/SubEditors/TutorialAssets/TutorialParticleSystem.uasset" 180
"../../../Engine/Content/VREditor/Devices/Generic/GenericHMDMaterial.uasset" 181
"../../../Engine/Content/VREditor/Devices/Generic/GenericHMD.uasset" 182
"../../../Engine/Content/VREditor/FloatingText/LineMaterial.uasset" 183
"../../../Engine/Content/VREditor/FloatingText/JointSphere.uasset" 184
"../../../Engine/Content/VREditor/FloatingText/LineSegmentCylinder.uasset" 185
"../../../Engine/Content/VREditor/Fonts/VRText_RobotoLarge.uasset" 186
"../../../Engine/Content/VREditor/Fonts/VRTextMaterial.uasset" 187
"../../../Engine/Content/VREditor/Fonts/TranslucentVRTextMaterial.uasset" 188
"../../../Engine/Content/VREditor/LaserPointer/CursorPointer.uasset" 189
"../../../Engine/Content/VREditor/LaserPointer/VR_LaserPower_01.uasset" 190
"../../../Engine/Content/VREditor/TransformGizmo/TransformGizmoMaterial.uasset" 191
"../../../Engine/Content/VREditor/LaserPointer/HoverMaterial.uasset" 192
"../../../Engine/Content/VREditor/TransformGizmo/TranslucentTransformGizmoMaterial.uasset" 193
"../../../Engine/Content/VREditor/LaserPointer/TranslucentHoverMaterial.uasset" 194
"../../../Engine/Content/VREditor/LaserPointer/HoverMesh.uasset" 195
"../../../Engine/Content/VREditor/LaserPointer/LaserPointerMaterial.uasset" 196
"../../../Engine/Content/VREditor/LaserPointer/LaserPointerMaterialInst.uasset" 197
"../../../Engine/Content/VREditor/LaserPointer/TranslucentLaserPointerMaterialInst.uasset" 198
"../../../Engine/Content/VREditor/LaserPointer/LaserPointerMesh.uasset" 199
"../../../Engine/Content/VREditor/LaserPointer/LaserPointerMesh_End.uasset" 200
"../../../Engine/Content/VREditor/LaserPointer/LaserPointerMesh_Start.uasset" 201
"../../../Engine/Content/Functions/Engine_MaterialFunctions02/Utility/BreakOutFloat3Components.uasset" 202
"../../../Engine/Content/Functions/Engine_MaterialFunctions02/Math/Transform3x3Matrix.uasset" 203
"../../../Engine/Content/Functions/Engine_MaterialFunctions02/SplitComponents.uasset" 204
"../../../Engine/Content/Functions/Engine_MaterialFunctions02/Utility/MakeFloat3.uasset" 205
"../../../Engine/Content/VREditor/SnapGrid/SnapGridMaterial.uasset" 206
"../../../Engine/Content/VREditor/SnapGrid/SnapGridPlaneMesh.uasset" 207
"../../../Engine/Content/VREditor/Sounds/VR_teleport.uasset" 208
"../../../Engine/Content/VREditor/Sounds/UI/Click_on_Button_Cue.uasset" 209
"../../../Engine/Content/VREditor/Sounds/UI/Dockable_Window_Close.uasset" 210
"../../../Engine/Content/VREditor/Sounds/UI/Dockable_Window_Drop.uasset" 211
"../../../Engine/Content/VREditor/Sounds/UI/Dockable_Window_Open.uasset" 212
"../../../Engine/Content/VREditor/Sounds/UI/Dockable_Window_Pick_Up.uasset" 213
"../../../Engine/Content/VREditor/Sounds/UI/Drop_Item_From_ContentBrowser.uasset" 214
"../../../Engine/Content/VREditor/Sounds/UI/Floating_UI_Open-001.uasset" 215
"../../../Engine/Content/VREditor/Sounds/UI/Gizmo_Handle_Clicked.uasset" 216
"../../../Engine/Content/VREditor/Sounds/UI/Object_PickUp.uasset" 217
"../../../Engine/Content/VREditor/Sounds/UI/Object_Snaps_To_Another_Actor.uasset" 218
"../../../Engine/Content/VREditor/Sounds/UI/Object_Snaps_To_Grid.uasset" 219
"../../../Engine/Content/VREditor/Sounds/UI/Radial_Menu_FadeOut.uasset" 220
"../../../Engine/Content/VREditor/Sounds/UI/Scaling_Down.uasset" 221
"../../../Engine/Content/VREditor/Sounds/UI/Scaling_Up.uasset" 222
"../../../Engine/Content/VREditor/Sounds/UI/Selection_Changes.uasset" 223
"../../../Engine/Content/VREditor/Sounds/UI/Teleport_Mode_Entered.uasset" 224
"../../../Engine/Content/VREditor/Teleport/TeleportDirectionMaterial.uasset" 225
"../../../Engine/Content/VREditor/Teleport/TeleportDirectionMaterial_Inst.uasset" 226
"../../../Engine/Content/VREditor/Teleport/TeleportDirectionMesh.uasset" 227
"../../../Engine/Content/VREditor/TransformGizmo/BoundingBoxCorner.uasset" 228
"../../../Engine/Content/VREditor/TransformGizmo/BoundingBoxEdge.uasset" 229
"../../../Engine/Content/VREditor/TransformGizmo/PlaneTranslationHandle.uasset" 230
"../../../Engine/Content/VREditor/TransformGizmo/RotationHandleFull.uasset" 231
"../../../Engine/Content/VREditor/TransformGizmo/RotationHandleIndicator.uasset" 232
"../../../Engine/Content/VREditor/TransformGizmo/RotationHandleQuarter.uasset" 233
"../../../Engine/Content/VREditor/TransformGizmo/Main.uasset" 234
"../../../Engine/Content/VREditor/TransformGizmo/Xray.uasset" 235
"../../../Engine/Content/VREditor/TransformGizmo/SM_Dialog_Close.uasset" 236
"../../../Engine/Content/VREditor/TransformGizmo/SM_Dialog_Move.uasset" 237
"../../../Engine/Content/VREditor/TransformGizmo/SM_Sequencer_Key.uasset" 238
"../../../Engine/Content/VREditor/TransformGizmo/SM_Sequencer_Node.uasset" 239
"../../../Engine/Content/VREditor/TransformGizmo/StartRotationHandleIndicator.uasset" 240
"../../../Engine/Content/VREditor/TransformGizmo/TranslucentTransformGizmoMaterial_Inst.uasset" 241
"../../../Engine/Content/VREditor/TransformGizmo/TransformGizmoFreeRotation.uasset" 242
"../../../Engine/Content/VREditor/TransformGizmo/TransformGizmoMaterial_Inst.uasset" 243
"../../../Engine/Content/VREditor/TransformGizmo/TranslateArrowHandle.uasset" 244
"../../../Engine/Content/VREditor/TransformGizmo/UniformScaleHandle.uasset" 245
"../../../Engine/Content/VREditor/UI/KeyDiskMaterial.uasset" 246
"../../../Engine/Content/VREditor/UI/DiscMaterial.uasset" 247
"../../../Engine/Content/VREditor/UI/SM_Radial_Disk.uasset" 248
"../../../Engine/Content/Functions/Engine_MaterialFunctions01/Gradient/RadialGradient.uasset" 249
"../../../Engine/Content/VREditor/WorldMovementGrid/SimpleGrid.uasset" 250
"../../../Engine/Content/VREditor/WorldMovementGrid/GridMaterial.uasset" 251
"../../../Engine/Content/Functions/Engine_MaterialFunctions01/Density/ExponentialDensity.uasset" 252
"../../../Engine/Content/VREditor/WorldMovementGrid/GridPostProcess.uasset" 253
"../../../Engine/Content/EditorLandscapeResources/FlattenHeightMat.uasset" 254
"../../../Engine/Content/VREditor/WorldMovementGrid/PlaneMesh.uasset" 255
"../../../Engine/Plugins/2D/Paper2D/Content/PlaceholderTextures/DummySpriteTexture.uasset" 256
"../../../Engine/Plugins/2D/Paper2D/Content/DummySprite.uasset" 257
"../../../Engine/Plugins/2D/Paper2D/Content/DefaultPaperTerrainMaterial.uasset" 258
"../../../Engine/Plugins/2D/Paper2D/Content/MaskedUnlitSpriteMaterial.uasset" 259
"../../../Engine/Plugins/2D/Paper2D/Content/OpaqueUnlitSpriteMaterial.uasset" 260
"../../../Engine/Plugins/Media/MediaCompositing/Content/DefaultMediaPlaneMaterial.uasset" 261
"../../../Engine/Content/Functions/Engine_MaterialFunctions01/Texturing/ScaleUVsByCenter.uasset" 262
"../../../Engine/Content/Functions/Engine_MaterialFunctions02/Utility/MakeFloat4.uasset" 263
"../../../Engine/Plugins/Runtime/AppleARKit/Content/ARKitCameraMaterial.uasset" 264
"../../../Engine/Plugins/Runtime/Oculus/OculusVR/Content/Textures/GearVRController_AO.uasset" 265
"../../../Engine/Plugins/Runtime/Oculus/OculusVR/Content/Textures/GearVRController_Color.uasset" 266
"../../../Engine/Plugins/Runtime/Oculus/OculusVR/Content/Textures/GearVRController_Normal.uasset" 267
"../../../Engine/Plugins/Runtime/Oculus/OculusVR/Content/Materials/GearVRControllerMaterial.uasset" 268
"../../../Engine/Plugins/Runtime/Oculus/OculusVR/Content/Meshes/GearVrController.uasset" 269
"../../../GameJam/Content/Blueprints/Enemy/DeathLight.uasset" 270
"../../../GameJam/Content/Blueprints/Enemy/GJEnemy_BB.uasset" 271
"../../../GameJam/Content/Blueprints/Enemy/GJEnemy_BT.uasset" 272
"../../../GameJam/Content/Blueprints/Enemy/GJEnemyAI_BP.uasset" 273
"../../../GameJam/Content/Characters/Spritesheet/Partcile_Text.uasset" 274
"../../../GameJam/Content/Blueprints/Particles/Particle_Mat.uasset" 275
"../../../GameJam/Content/Blueprints/Particles/Smoke.uasset" 276
"../../../GameJam/Content/Blueprints/Particles/Smoke_BP.uasset" 277
"../../../GameJam/Content/Audio/En_Bite.uasset" 278
"../../../GameJam/Content/Audio/En_Retreat.uasset" 279
"../../../GameJam/Content/Characters/Spritesheet/ExtractedSprites/EnemyAttack1.uasset" 280
"../../../GameJam/Content/Characters/Spritesheet/ExtractedSprites/EnemyAttack2.uasset" 281
"../../../GameJam/Content/Characters/Spritesheet/Animations/Enemy_Attack.uasset" 282
"../../../GameJam/Content/Characters/Spritesheet/ExtractedSprites/EnemyIdle1.uasset" 283
"../../../GameJam/Content/Characters/Spritesheet/ExtractedSprites/EnemyIdle2.uasset" 284
"../../../GameJam/Content/Characters/Spritesheet/Animations/Enemy_Idle.uasset" 285
"../../../GameJam/Content/Characters/Spritesheet/ExtractedSprites/EnemyWalk1.uasset" 286
"../../../GameJam/Content/Characters/Spritesheet/ExtractedSprites/EnemyWalk2.uasset" 287
"../../../GameJam/Content/Characters/Spritesheet/ExtractedSprites/EnemyWalk3.uasset" 288
"../../../GameJam/Content/Characters/Spritesheet/Animations/Enemy_Walk.uasset" 289
"../../../GameJam/Content/Characters/Spritesheet/ExtractedSprites/Dizzy_Flipbook.uasset" 290
"../../../GameJam/Content/Blueprints/Enemy/GJEnemy_BP.uasset" 291
"../../../GameJam/Content/Blueprints/LightBuds/LightBud_BB.uasset" 292
"../../../GameJam/Content/Blueprints/LightBuds/LightBud_BT.uasset" 293
"../../../GameJam/Content/Blueprints/LightBuds/GJLightBudAI_BP.uasset" 294
"../../../GameJam/Content/Audio/LB_Return.uasset" 295
"../../../GameJam/Content/Characters/Spritesheet/ExtractedSprites/BearIdle1.uasset" 296
"../../../GameJam/Content/Characters/Spritesheet/ExtractedSprites/BearIdle2.uasset" 297
"../../../GameJam/Content/Characters/Spritesheet/ExtractedSprites/BearIdle3.uasset" 298
"../../../GameJam/Content/Characters/Spritesheet/ExtractedSprites/BearIdle4.uasset" 299
"../../../GameJam/Content/Characters/Spritesheet/Animations/Bear_Idle.uasset" 300
"../../../GameJam/Content/Characters/Spritesheet/ExtractedSprites/BearWalk1.uasset" 301
"../../../GameJam/Content/Characters/Spritesheet/ExtractedSprites/BearWalk2.uasset" 302
"../../../GameJam/Content/Characters/Spritesheet/ExtractedSprites/BearWalk3.uasset" 303
"../../../GameJam/Content/Characters/Spritesheet/ExtractedSprites/BearWalk4.uasset" 304
"../../../GameJam/Content/Characters/Spritesheet/Animations/Bear_Walk.uasset" 305
"../../../GameJam/Content/Blueprints/LightBuds/FrontLightBud_BP.uasset" 306
"../../../GameJam/Content/Characters/Spritesheet/ExtractedSprites/MushroomIdle1.uasset" 307
"../../../GameJam/Content/Characters/Spritesheet/ExtractedSprites/MushroomIdle2.uasset" 308
"../../../GameJam/Content/Characters/Spritesheet/ExtractedSprites/MushroomIdle3.uasset" 309
"../../../GameJam/Content/Characters/Spritesheet/ExtractedSprites/MushroomIdle4.uasset" 310
"../../../GameJam/Content/Characters/Spritesheet/Animations/Mushroom_Idle.uasset" 311
"../../../GameJam/Content/Characters/Spritesheet/ExtractedSprites/MushroomWalk1.uasset" 312
"../../../GameJam/Content/Characters/Spritesheet/ExtractedSprites/MushroomWalk2.uasset" 313
"../../../GameJam/Content/Characters/Spritesheet/ExtractedSprites/MushroomWalk3.uasset" 314
"../../../GameJam/Content/Characters/Spritesheet/Animations/Mushroom_Walk.uasset" 315
"../../../GameJam/Content/Blueprints/LightBuds/SurroundLightBud_BP.uasset" 316
"../../../GameJam/Content/Characters/Spritesheet/ExtractedSprites/Character_Sprite_Sheet_Sprite_0.uasset" 317
"../../../GameJam/Content/Characters/Spritesheet/ExtractedSprites/Character_Sprite_Sheet_Sprite_1.uasset" 318
"../../../GameJam/Content/Characters/Spritesheet/Animations/Turtle_Idle.uasset" 319
"../../../GameJam/Content/Characters/Spritesheet/ExtractedSprites/Turtle2_Walk1.uasset" 320
"../../../GameJam/Content/Characters/Spritesheet/ExtractedSprites/Turtle2_Walk2.uasset" 321
"../../../GameJam/Content/Characters/Spritesheet/ExtractedSprites/Turtle2_Walk3.uasset" 322
"../../../GameJam/Content/Characters/Spritesheet/Animations/Turtle_Walk_2.uasset" 323
"../../../GameJam/Content/Blueprints/LightBuds/TopLightBud_BP.uasset" 324
"../../../GameJam/Content/Materials/Assets/PadOff_Mat.uasset" 325
"../../../GameJam/Content/Materials/Assets/PadOn_Mat.uasset" 326
"../../../GameJam/Content/Geometry/Meshes/1M_Cube.uasset" 327
"../../../GameJam/Content/Blueprints/PowerPads/PowerPad_BP.uasset" 328
"../../../GameJam/Content/Audio/Success.uasset" 329
"../../../GameJam/Content/Blueprints/PowerPads/PowerPadManager_BP.uasset" 330
"../../../Engine/Content/BasicShapes/BasicShapeMaterial.uasset" 331
"../../../Engine/Content/BasicShapes/Sphere.uasset" 332
"../../../GameJam/Content/Blueprints/Player/GJAimActor_BP.uasset" 333
"../../../GameJam/Content/Materials/UI/MoveTo_Mat.uasset" 334
"../../../GameJam/Content/Blueprints/Player/GJMoveToActor_BP.uasset" 335
"../../../GameJam/Content/Audio/LB_Discover.uasset" 336
"../../../GameJam/Content/Audio/Player_Kick.uasset" 337
"../../../GameJam/Content/Audio/Player_Order.uasset" 338
"../../../GameJam/Content/Audio/Player_Recall.uasset" 339
"../../../GameJam/Content/Characters/Spritesheet/ExtractedSprites/PlayerIdle1.uasset" 340
"../../../GameJam/Content/Characters/Spritesheet/ExtractedSprites/PlayerIdle2.uasset" 341
"../../../GameJam/Content/Characters/Spritesheet/ExtractedSprites/PlayerIdle3.uasset" 342
"../../../GameJam/Content/Characters/Spritesheet/Animations/Player_Idle.uasset" 343
"../../../GameJam/Content/Characters/Spritesheet/ExtractedSprites/PlayerKick.uasset" 344
"../../../GameJam/Content/Characters/Spritesheet/Animations/Player_Kick.uasset" 345
"../../../GameJam/Content/Characters/Spritesheet/ExtractedSprites/PlayerPoint1.uasset" 346
"../../../GameJam/Content/Characters/Spritesheet/ExtractedSprites/PlayerPoint2.uasset" 347
"../../../GameJam/Content/Characters/Spritesheet/Animations/Player_Point.uasset" 348
"../../../GameJam/Content/Characters/Spritesheet/ExtractedSprites/PlayerWalk1.uasset" 349
"../../../GameJam/Content/Characters/Spritesheet/ExtractedSprites/PlayerWalk2.uasset" 350
"../../../GameJam/Content/Characters/Spritesheet/ExtractedSprites/PlayerWalk3.uasset" 351
"../../../GameJam/Content/Characters/Spritesheet/Animations/Player_Walk.uasset" 352
"../../../GameJam/Content/Blueprints/Player/GJPlayer_BP.uasset" 353
"../../../GameJam/Content/Blueprints/Tutorial/TutorialTrigger_BP.uasset" 354
"../../../Engine/Content/EditorBlueprintResources/StandardMacros.uasset" 355
"../../../Engine/Content/EngineSky/C_Sky_Cloud_Color.uasset" 356
"../../../Engine/Content/EngineSky/C_Sky_Horizon_Color.uasset" 357
"../../../Engine/Content/EngineSky/C_Sky_Zenith_Color.uasset" 358
"../../../Engine/Content/EngineSky/T_Sky_Blue.uasset" 359
"../../../Engine/Content/EngineSky/T_Sky_Clouds_M.uasset" 360
"../../../Engine/Content/EngineSky/T_Sky_Stars.uasset" 361
"../../../Engine/Content/EngineSky/M_Sky_Panning_Clouds2.uasset" 362
"../../../Engine/Content/EngineSky/SM_SkySphere.uasset" 363
"../../../Engine/Content/EngineSky/BP_Sky_Sphere.uasset" 364
"../../../GameJam/Content/Audio/UI_Select.uasset" 365
"../../../GameJam/Content/Characters/Spritesheet/SpriteSheetGrassAndUI.uasset" 366
"../../../GameJam/Content/Characters/Spritesheet/UI/BG_Text_Sprite.uasset" 367
"../../../GameJam/Content/Characters/Spritesheet/UI/Gremlights_Sprite.uasset" 368
"../../../GameJam/Content/Characters/Spritesheet/UI/Pause_UI.uasset" 369
"../../../GameJam/Content/Characters/Spritesheet/UI/Play_Sprite.uasset" 370
"../../../GameJam/Content/Characters/Spritesheet/UI/Quit_Sprite.uasset" 371
"../../../GameJam/Content/Characters/Spritesheet/UI/Resume.uasset" 372
"../../../GameJam/Content/Blueprints/Player/GJUI_BP.uasset" 373
"../../../GameJam/Content/Blueprints/Player/GJPlayerController_BP.uasset" 374
"../../../GameJam/Content/Blueprints/GameJamGameMode_BP.uasset" 375
"../../../GameJam/Content/Blueprints/Particles/Eye_Death.uasset" 376
"../../../GameJam/Content/Blueprints/Particles/Eye_Death_BP.uasset" 377
"../../../GameJam/Content/Materials/Terrain/Grass_LayerInfo.uasset" 378
"../../../GameJam/Content/Materials/Terrain/Path_LayerInfo.uasset" 379
"../../../GameJam/Content/Levels/Main_Cody_BuiltData.uasset" 380
"../../../GameJam/Content/Textures/Cave_albedo.uasset" 381
"../../../GameJam/Content/Textures/Cave_metallic.uasset" 382
"../../../GameJam/Content/Textures/Cave_normal.uasset" 383
"../../../GameJam/Content/Textures/Cave_roughness.uasset" 384
"../../../GameJam/Content/Materials/Assets/Cave_MossyRock_Mat.uasset" 385
"../../../GameJam/Content/Materials/PostProcessing/Outline_PP.uasset" 386
"../../../GameJam/Content/Materials/Terrain/Landscape_Mat.uasset" 387
"../../../Engine/Content/EngineMaterials/DefaultPhysicalMaterial.uasset" 388
"../../../GameJam/Content/Audio/Music.uasset" 389
"../../../GameJam/Content/Characters/Spritesheet/ExtractedSprites/EnemyEyes1.uasset" 390
"../../../GameJam/Content/Characters/Spritesheet/ExtractedSprites/EnemyEyes2.uasset" 391
"../../../GameJam/Content/Characters/Spritesheet/ExtractedSprites/EnemyEyes_Cloud_Sign_Sprite_0.uasset" 392
"../../../GameJam/Content/Characters/Spritesheet/Animations/Enemy_Eyes_Blink.uasset" 393
"../../../GameJam/Content/Characters/Spritesheet/ExtractedSprites/Beware_Enemy_Sign.uasset" 394
"../../../GameJam/Content/Characters/Spritesheet/ExtractedSprites/Grass_Sprite.uasset" 395
"../../../GameJam/Content/Characters/Spritesheet/ExtractedSprites/Grass_Flipbook.uasset" 396
"../../../GameJam/Content/Geometry/Meshes/Cave.uasset" 397
"../../../GameJam/Content/Textures/Fence_UVlayout.uasset" 398
"../../../GameJam/Content/Materials/Assets/Fence_Mat.uasset" 399
"../../../GameJam/Content/Geometry/Meshes/Fence.uasset" 400
"../../../GameJam/Content/Textures/Hut_albedo.uasset" 401
"../../../GameJam/Content/Textures/Hut_emissive.uasset" 402
"../../../GameJam/Content/Textures/Hut_metallic.uasset" 403
"../../../GameJam/Content/Textures/Hut_normal.uasset" 404
"../../../GameJam/Content/Textures/Hut_roughness.uasset" 405
"../../../GameJam/Content/Materials/Assets/Hut_Mat.uasset" 406
"../../../GameJam/Content/Geometry/Meshes/Hut.uasset" 407
"../../../GameJam/Content/Textures/Rock01_albedo.uasset" 408
"../../../GameJam/Content/Textures/Rock01_ao.uasset" 409
"../../../GameJam/Content/Textures/Rock01_metallic.uasset" 410
"../../../GameJam/Content/Textures/Rock01_normal.uasset" 411
"../../../GameJam/Content/Textures/Rock01_roughness.uasset" 412
"../../../GameJam/Content/Materials/Assets/Rock01_MossyRock_Mat.uasset" 413
"../../../GameJam/Content/Geometry/Meshes/Rock01.uasset" 414
"../../../GameJam/Content/Textures/Shoosh_albedo.uasset" 415
"../../../GameJam/Content/Textures/Shoosh_ao.uasset" 416
"../../../GameJam/Content/Textures/Shoosh_emissive.uasset" 417
"../../../GameJam/Content/Textures/Shoosh_metallic.uasset" 418
"../../../GameJam/Content/Textures/Shoosh_normal.uasset" 419
"../../../GameJam/Content/Textures/Shoosh_roughness.uasset" 420
"../../../GameJam/Content/Materials/Assets/Shoosh_Mat.uasset" 421
"../../../GameJam/Content/Geometry/Meshes/Shoosh.uasset" 422
"../../../GameJam/Content/Levels/Main_Cody.umap" 423
"../../../GameJam/Content/Levels/Main_Cody_Backup.umap" 424
"../../../GameJam/Content/Levels/Main_Testing.umap" 425
"../../../Engine/Content/Maps/Entry.umap" 426
